2025-04-15 23:58:39,086 - trading_system - INFO - Starting trading system...
2025-04-15 23:58:39,144 - trading_system - INFO - Trading System Initializing: Mode=Live, Dry Run=False, Initial Capital=0.7015
2025-04-15 23:58:39,145 - trading_system - INFO - Strategy Parameters: {'tracked_wallets': ['gzvseaajexljevachhqcujbw7njq98gwueztood9lm9b', 'ekey4tnuhqr2wwkhj1wfebgozvkntcau3enhyqo5udxz'], 'min_trade_amount': 0.1, 'max_time_in_trade': 30, 'take_profit_pct': 0.07}
2025-04-15 23:58:39,145 - trading_system - INFO - Risk Parameters: {'max_position_size': 0.02, 'stop_loss_pct': 0.02, 'max_positions': 5, 'max_hold_time_minutes': 5, 'max_daily_loss_pct': 0.5}
2025-04-15 23:58:39,145 - trading_system - INFO - Backtest Mode: False Dry Run: False
2025-04-15 23:58:39,145 - trading_system - CRITICAL - Trading System Starting
2025-04-15 23:58:39,145 - trading_system - INFO - Attempting to connect to WebSocket at wss://mainnet.helius-rpc.com/?api-key=cd782283-4629-4f2e-9966-12e10b7134b9
2025-04-15 23:58:39,492 - trading_system - INFO - Subscription message sent successfully
2025-04-15 23:58:41,995 - trading_system - INFO - Checking entry conditions for ekey4tnuhqr2wwkhj1wfebgozvkntcau3enhyqo5udxz: Mint=3ghNoiPSPFQmgXUJa5jw2GbQW8o72YS3fgxuD71tpump, price=3.522708082106263873484149709E-8, signature=uu5WPNyk8qsrDhTQyArj8s3xPfFUu7FhKxvDy8Lx5aRacXuDbwaVBFKgaCcAurgqdegiUN2AcCJURGpr4Uuaqtk, sol_amount=3.436241611, token_amount=97545454.545454
2025-04-15 23:58:41,996 - trading_system - INFO - Building buy transaction
2025-04-15 23:58:41,997 - trading_system - INFO - Sending transaction
2025-04-15 23:58:43,097 - trading_system - INFO - Transaction sent successfully: rbwUayVcP3pSfqPGGHkv3CBKhnyPHSPeN2wKvBnjvuHe7BnuJbyT5JGH9J3tz3NgHmCBM4MeAqc5D8pTpqGakct
2025-04-15 23:58:43,097 - trading_system - INFO - Waiting for transaction to be processed
2025-04-15 23:58:43,599 - trading_system - WARNING - Timed out waiting for transaction confirmation
2025-04-15 23:58:43,599 - trading_system - ERROR - Transaction failed
2025-04-15 23:58:43,739 - trading_system - INFO - Skipping our own transaction: rbwUayVcP3pSfqPGGHkv3CBKhnyPHSPeN2wKvBnjvuHe7BnuJbyT5JGH9J3tz3NgHmCBM4MeAqc5D8pTpqGakct
2025-04-15 23:59:07,839 - trading_system - INFO - Received signal 2. Starting graceful shutdown...
2025-04-15 23:59:07,987 - trading_system - INFO - Graceful shutdown initiated
2025-04-15 23:59:07,987 - trading_system - INFO - Shutting down trading system...
2025-04-15 23:59:07,987 - trading_system - CRITICAL - Initiating trading system shutdown
2025-04-15 23:59:07,987 - trading_system - INFO - No open positions remaining - proceeding with full shutdown
2025-04-15 23:59:07,987 - trading_system - INFO - Shutting down services...
2025-04-15 23:59:08,049 - trading_system - INFO - Trading system stopped successfully
2025-04-15 23:59:08,049 - trading_system - INFO - Trading system stopped successfully
2025-04-15 23:59:08,049 - trading_system - INFO - Trading system shutdown complete
