2025-04-15 23:56:12,757 - trading_system - INFO - Starting trading system...
2025-04-15 23:56:12,792 - trading_system - INFO - Trading System Initializing: Mode=Live, Dry Run=False, Initial Capital=0.7015
2025-04-15 23:56:12,792 - trading_system - INFO - Strategy Parameters: {'tracked_wallets': ['gzvseaajexljevachhqcujbw7njq98gwueztood9lm9b', 'ekey4tnuhqr2wwkhj1wfebgozvkntcau3enhyqo5udxz'], 'min_trade_amount': 0.1, 'max_time_in_trade': 30, 'take_profit_pct': 0.07}
2025-04-15 23:56:12,792 - trading_system - INFO - Risk Parameters: {'max_position_size': 0.02, 'stop_loss_pct': 0.02, 'max_positions': 5, 'max_hold_time_minutes': 5, 'max_daily_loss_pct': 0.5}
2025-04-15 23:56:12,792 - trading_system - INFO - Backtest Mode: False Dry Run: False
2025-04-15 23:56:12,792 - trading_system - CRITICAL - Trading System Starting
2025-04-15 23:56:12,792 - trading_system - INFO - Attempting to connect to WebSocket at wss://mainnet.helius-rpc.com/?api-key=cd782283-4629-4f2e-9966-12e10b7134b9
2025-04-15 23:56:13,012 - trading_system - INFO - Subscription message sent successfully
2025-04-15 23:56:34,360 - trading_system - INFO - Checking entry conditions for ekey4tnuhqr2wwkhj1wfebgozvkntcau3enhyqo5udxz: Mint=AN2A6nMp3qbJ8doSaxCbfjc162xrxDndwZjGYbhpump, price=3.522708082106263873484149709E-8, signature=2FwHu5jjN3z9HCiP3bXMehuuppfHbfoXFuhxkvozXvPnh7Kk399E3GuLB3PFbjNF5yJCBs6RfgJCiHSMvm55xdK7, sol_amount=3.436241611, token_amount=97545454.545454
2025-04-15 23:56:34,360 - trading_system - INFO - Building buy transaction
2025-04-15 23:56:34,363 - trading_system - INFO - Sending transaction
2025-04-15 23:56:34,656 - trading_system - INFO - Transaction sent successfully: 62nDygaU3VVrPLwVdDb4UbDXSJHPmDTbKsc9zAzRiGRyNQEat6rWWJN3jMzo1gNFE1KXeecKp9PRQ5XU99pn9b95
2025-04-15 23:56:34,656 - trading_system - INFO - Waiting for transaction to be processed
2025-04-15 23:56:34,857 - trading_system - WARNING - Timed out waiting for transaction confirmation
2025-04-15 23:56:34,857 - trading_system - ERROR - Transaction failed
2025-04-15 23:56:36,331 - trading_system - INFO - Skipping our own transaction: 62nDygaU3VVrPLwVdDb4UbDXSJHPmDTbKsc9zAzRiGRyNQEat6rWWJN3jMzo1gNFE1KXeecKp9PRQ5XU99pn9b95
2025-04-15 23:57:05,260 - trading_system - INFO - Received signal 2. Starting graceful shutdown...
2025-04-15 23:57:05,460 - trading_system - INFO - Graceful shutdown initiated
2025-04-15 23:57:05,460 - trading_system - INFO - Shutting down trading system...
2025-04-15 23:57:05,461 - trading_system - CRITICAL - Initiating trading system shutdown
2025-04-15 23:57:05,461 - trading_system - INFO - No open positions remaining - proceeding with full shutdown
2025-04-15 23:57:05,461 - trading_system - INFO - Shutting down services...
2025-04-15 23:57:05,524 - trading_system - INFO - Trading system stopped successfully
2025-04-15 23:57:05,525 - trading_system - INFO - Trading system stopped successfully
2025-04-15 23:57:05,525 - trading_system - INFO - Trading system shutdown complete
